TN:
SF:/home/student/workspace/jinder/knexfile.js
FNF:0
FNH:0
DA:3,1
LF:1
LH:1
BRF:0
BRH:0
end_of_record
TN:
SF:/home/student/workspace/jinder/client/components/App.jsx
FN:12,(anonymous_0)
FN:25,(anonymous_1)
FN:27,(anonymous_2)
FN:36,(anonymous_3)
FN:42,(anonymous_4)
FN:46,(anonymous_5)
FN:55,(anonymous_6)
FN:61,(anonymous_7)
FN:66,(anonymous_8)
FNF:9
FNH:2
FNDA:2,(anonymous_0)
FNDA:0,(anonymous_1)
FNDA:0,(anonymous_2)
FNDA:0,(anonymous_3)
FNDA:0,(anonymous_4)
FNDA:0,(anonymous_5)
FNDA:2,(anonymous_6)
FNDA:0,(anonymous_7)
FNDA:0,(anonymous_8)
DA:13,2
DA:15,2
DA:21,2
DA:26,0
DA:28,0
DA:31,0
DA:37,0
DA:43,0
DA:44,0
DA:47,0
DA:51,0
DA:56,2
DA:61,0
DA:66,0
LF:14
LH:4
BRDA:69,0,0,2
BRDA:69,0,1,0
BRF:2
BRH:1
end_of_record
TN:
SF:/home/student/workspace/jinder/client/components/Favs.jsx
FN:5,(anonymous_0)
FN:18,(anonymous_1)
FN:25,(anonymous_2)
FN:28,(anonymous_3)
FNF:4
FNH:0
FNDA:0,(anonymous_0)
FNDA:0,(anonymous_1)
FNDA:0,(anonymous_2)
FNDA:0,(anonymous_3)
DA:6,0
DA:7,0
DA:13,0
DA:14,0
DA:19,0
DA:20,0
DA:32,0
LF:7
LH:0
BRF:0
BRH:0
end_of_record
TN:
SF:/home/student/workspace/jinder/client/components/JobDetail.jsx
FN:3,JobDetail
FN:11,(anonymous_1)
FNF:2
FNH:0
FNDA:0,JobDetail
FNDA:0,(anonymous_1)
DA:5,0
DA:8,0
DA:12,0
LF:3
LH:0
BRF:0
BRH:0
end_of_record
TN:
SF:/home/student/workspace/jinder/server/db/connection.js
FNF:0
FNH:0
DA:1,1
DA:2,1
DA:3,1
DA:6,1
DA:7,1
DA:9,1
LF:6
LH:6
BRDA:1,0,0,1
BRDA:1,0,1,0
BRF:2
BRH:1
end_of_record
TN:
SF:/home/student/workspace/jinder/server/db/example.js
FN:3,getFavJobs
FN:7,saveFavJobs
FNF:2
FNH:0
FNDA:0,getFavJobs
FNDA:0,saveFavJobs
DA:1,1
DA:4,0
DA:8,0
DA:11,1
LF:4
LH:2
BRF:0
BRH:0
end_of_record
TN:
SF:/home/student/workspace/jinder/test/client/setup-dom.js
FNF:0
FNH:0
DA:1,1
DA:3,1
DA:5,1
DA:7,1
DA:8,1
DA:9,1
LF:6
LH:6
BRF:0
BRH:0
end_of_record
